<?xml version="1.0" encoding="UTF-8"?>
<!-- Generated by org.testng.reporters.JUnitXMLReporter -->
<testsuite ignored="5" hostname="DESKTOP-R253MJV" failures="0" tests="1" name="Test" time="24.312" errors="0" timestamp="2022-11-15T22:42:51 IST">
  <testcase classname="TestCases.Group1Test" name="loginToApp1Test" time="0.969"/>
  <testcase classname="TestCases.Group1Test" name="varifybotlogoTest" time="0.0">
    <ignored/>
  </testcase> <!-- varifybotlogoTest -->
  <testcase classname="TestCases.Group1Test" name="loginToApp2Test" time="0.0">
    <ignored/>
  </testcase> <!-- loginToApp2Test -->
  <testcase classname="TestCases.Group1Test" name="varifyTitleTest" time="0.0">
    <ignored/>
  </testcase> <!-- varifyTitleTest -->
  <testcase classname="TestCases.Group1Test" name="varifySwagLabLogoTest" time="0.0">
    <ignored/>
  </testcase> <!-- varifySwagLabLogoTest -->
  <testcase classname="TestCases.Group1Test" name="VarifyUrlTest" time="0.0">
    <ignored/>
  </testcase> <!-- VarifyUrlTest -->
</testsuite> <!-- Test -->
