<?xml version="1.0" encoding="UTF-8"?>
<!-- Generated by org.testng.reporters.JUnitXMLReporter -->
<testsuite ignored="4" hostname="DESKTOP-R253MJV" failures="0" tests="2" name="Default test(failed)(failed)" time="29.656" errors="0" timestamp="2022-11-04T23:13:26 IST">
  <testcase classname="TestCases.FailedTest" name="varifybotlogoTest" time="0.053"/>
  <testcase classname="TestCases.FailedTest" name="varifyTitleTest" time="0.01"/>
  <testcase classname="TestCases.FailedTest" name="loginToApp1Test" time="0.0">
    <ignored/>
  </testcase> <!-- loginToApp1Test -->
  <testcase classname="TestCases.FailedTest" name="varifySwagLabLogoTest" time="0.0">
    <ignored/>
  </testcase> <!-- varifySwagLabLogoTest -->
  <testcase classname="TestCases.FailedTest" name="loginToApp2Test" time="0.0">
    <ignored/>
  </testcase> <!-- loginToApp2Test -->
  <testcase classname="TestCases.FailedTest" name="VarifyUrlTest" time="0.0">
    <ignored/>
  </testcase> <!-- VarifyUrlTest -->
</testsuite> <!-- Default test(failed)(failed) -->
